[2024-10-07 15:24:35Z INFO HostContext] No proxy settings were found based on environmental variables (http_proxy/https_proxy/HTTP_PROXY/HTTPS_PROXY)
[2024-10-07 15:24:35Z INFO HostContext] Well known directory 'Bin': '/home/madhav/mern-app/actions-runner/bin'
[2024-10-07 15:24:35Z INFO HostContext] Well known directory 'Root': '/home/madhav/mern-app/actions-runner'
[2024-10-07 15:24:35Z INFO HostContext] Well known config file 'Credentials': '/home/madhav/mern-app/actions-runner/.credentials'
[2024-10-07 15:24:35Z INFO HostContext] Well known directory 'Bin': '/home/madhav/mern-app/actions-runner/bin'
[2024-10-07 15:24:35Z INFO HostContext] Well known directory 'Root': '/home/madhav/mern-app/actions-runner'
[2024-10-07 15:24:35Z INFO HostContext] Well known config file 'Runner': '/home/madhav/mern-app/actions-runner/.runner'
[2024-10-07 15:24:35Z INFO Listener] Runner is built for Linux (X64) - linux-x64.
[2024-10-07 15:24:35Z INFO Listener] RuntimeInformation: Linux 6.8.0-45-generic #45~22.04.1-Ubuntu SMP PREEMPT_DYNAMIC Wed Sep 11 15:25:05 UTC 2.
[2024-10-07 15:24:35Z INFO Listener] Version: 2.319.1
[2024-10-07 15:24:35Z INFO Listener] Commit: bc6614c04d3ddc20e5ca5d5a87ae2b58dda322ec
[2024-10-07 15:24:35Z INFO Listener] Culture: en-IN
[2024-10-07 15:24:35Z INFO Listener] UI Culture: en-IN
[2024-10-07 15:24:35Z INFO HostContext] Well known directory 'Bin': '/home/madhav/mern-app/actions-runner/bin'
[2024-10-07 15:24:35Z INFO HostContext] Well known directory 'Root': '/home/madhav/mern-app/actions-runner'
[2024-10-07 15:24:35Z INFO Listener] Validating directory permissions for: '/home/madhav/mern-app/actions-runner'
[2024-10-07 15:24:35Z INFO CommandLineParser] Parse
[2024-10-07 15:24:35Z INFO CommandLineParser] Parsing 5 args
[2024-10-07 15:24:35Z INFO CommandLineParser] parsing argument
[2024-10-07 15:24:35Z INFO CommandLineParser] HasArgs: False
[2024-10-07 15:24:35Z INFO CommandLineParser] Adding Command: configure
[2024-10-07 15:24:35Z INFO CommandLineParser] parsing argument
[2024-10-07 15:24:35Z INFO CommandLineParser] HasArgs: True
[2024-10-07 15:24:35Z INFO CommandLineParser] arg: url
[2024-10-07 15:24:35Z INFO CommandLineParser] parsing argument
[2024-10-07 15:24:35Z INFO CommandLineParser] HasArgs: True
[2024-10-07 15:24:35Z INFO CommandLineParser] Adding option 'url': 'https://github.com/Madhav-Gohel/mern-app'
[2024-10-07 15:24:35Z INFO CommandLineParser] parsing argument
[2024-10-07 15:24:35Z INFO CommandLineParser] HasArgs: True
[2024-10-07 15:24:35Z INFO CommandLineParser] arg: token
[2024-10-07 15:24:35Z INFO CommandLineParser] parsing argument
[2024-10-07 15:24:35Z INFO CommandLineParser] HasArgs: True
[2024-10-07 15:24:35Z INFO CommandLineParser] Adding option 'token': '***'
[2024-10-07 15:24:35Z INFO Listener] Arguments parsed
[2024-10-07 15:24:35Z INFO Runner] ExecuteCommand
[2024-10-07 15:24:35Z INFO ConfigurationStore] currentAssemblyLocation: /home/madhav/mern-app/actions-runner/bin/Runner.Listener.dll
[2024-10-07 15:24:35Z INFO HostContext] Well known directory 'Bin': '/home/madhav/mern-app/actions-runner/bin'
[2024-10-07 15:24:35Z INFO ConfigurationStore] binPath: /home/madhav/mern-app/actions-runner/bin
[2024-10-07 15:24:35Z INFO HostContext] Well known directory 'Bin': '/home/madhav/mern-app/actions-runner/bin'
[2024-10-07 15:24:35Z INFO HostContext] Well known directory 'Root': '/home/madhav/mern-app/actions-runner'
[2024-10-07 15:24:35Z INFO ConfigurationStore] RootFolder: /home/madhav/mern-app/actions-runner
[2024-10-07 15:24:35Z INFO HostContext] Well known directory 'Bin': '/home/madhav/mern-app/actions-runner/bin'
[2024-10-07 15:24:35Z INFO HostContext] Well known directory 'Root': '/home/madhav/mern-app/actions-runner'
[2024-10-07 15:24:35Z INFO HostContext] Well known config file 'Runner': '/home/madhav/mern-app/actions-runner/.runner'
[2024-10-07 15:24:35Z INFO ConfigurationStore] ConfigFilePath: /home/madhav/mern-app/actions-runner/.runner
[2024-10-07 15:24:35Z INFO HostContext] Well known directory 'Bin': '/home/madhav/mern-app/actions-runner/bin'
[2024-10-07 15:24:35Z INFO HostContext] Well known directory 'Root': '/home/madhav/mern-app/actions-runner'
[2024-10-07 15:24:35Z INFO HostContext] Well known config file 'Credentials': '/home/madhav/mern-app/actions-runner/.credentials'
[2024-10-07 15:24:35Z INFO ConfigurationStore] CredFilePath: /home/madhav/mern-app/actions-runner/.credentials
[2024-10-07 15:24:35Z INFO HostContext] Well known directory 'Bin': '/home/madhav/mern-app/actions-runner/bin'
[2024-10-07 15:24:35Z INFO HostContext] Well known directory 'Root': '/home/madhav/mern-app/actions-runner'
[2024-10-07 15:24:35Z INFO HostContext] Well known config file 'MigratedCredentials': '/home/madhav/mern-app/actions-runner/.credentials_migrated'
[2024-10-07 15:24:35Z INFO ConfigurationStore] MigratedCredFilePath: /home/madhav/mern-app/actions-runner/.credentials_migrated
[2024-10-07 15:24:35Z INFO HostContext] Well known directory 'Bin': '/home/madhav/mern-app/actions-runner/bin'
[2024-10-07 15:24:35Z INFO HostContext] Well known directory 'Root': '/home/madhav/mern-app/actions-runner'
[2024-10-07 15:24:35Z INFO HostContext] Well known config file 'Service': '/home/madhav/mern-app/actions-runner/.service'
[2024-10-07 15:24:35Z INFO ConfigurationStore] ServiceConfigFilePath: /home/madhav/mern-app/actions-runner/.service
[2024-10-07 15:24:35Z INFO CommandSettings] Flag 'help': 'False'
[2024-10-07 15:24:35Z INFO CommandSettings] Flag 'version': 'False'
[2024-10-07 15:24:35Z INFO CommandSettings] Flag 'commit': 'False'
[2024-10-07 15:24:35Z INFO CommandSettings] Flag 'check': 'False'
[2024-10-07 15:24:35Z INFO CommandSettings] Command 'configure': 'True'
[2024-10-07 15:24:35Z INFO Terminal] WRITE LINE: 
[2024-10-07 15:24:35Z INFO Terminal] WRITE LINE: --------------------------------------------------------------------------------
[2024-10-07 15:24:35Z INFO Terminal] WRITE LINE: |        ____ _ _   _   _       _          _        _   _                      |
[2024-10-07 15:24:35Z INFO Terminal] WRITE LINE: |       / ___(_) |_| | | |_   _| |__      / \   ___| |_(_) ___  _ __  ___      |
[2024-10-07 15:24:35Z INFO Terminal] WRITE LINE: |      | |  _| | __| |_| | | | | '_ \    / _ \ / __| __| |/ _ \| '_ \/ __|     |
[2024-10-07 15:24:35Z INFO Terminal] WRITE LINE: |      | |_| | | |_|  _  | |_| | |_) |  / ___ \ (__| |_| | (_) | | | \__ \     |
[2024-10-07 15:24:35Z INFO Terminal] WRITE LINE: |       \____|_|\__|_| |_|\__,_|_.__/  /_/   \_\___|\__|_|\___/|_| |_|___/     |
[2024-10-07 15:24:35Z INFO Terminal] WRITE LINE: |                                                                              |
[2024-10-07 15:24:35Z INFO Terminal] WRITE: |                       
[2024-10-07 15:24:35Z INFO Terminal] WRITE: Self-hosted runner registration
[2024-10-07 15:24:35Z INFO Terminal] WRITE LINE:                         |
[2024-10-07 15:24:35Z INFO Terminal] WRITE LINE: |                                                                              |
[2024-10-07 15:24:35Z INFO Terminal] WRITE LINE: --------------------------------------------------------------------------------
[2024-10-07 15:24:35Z INFO ConfigurationManager] ConfigureAsync
[2024-10-07 15:24:35Z INFO CommandSettings] Flag 'generateServiceConfig': 'False'
[2024-10-07 15:24:35Z INFO ConfigurationStore] IsConfigured()
[2024-10-07 15:24:35Z INFO ConfigurationStore] IsConfigured: False
[2024-10-07 15:24:35Z INFO ConfigurationManager] Is configured: False
[2024-10-07 15:24:35Z INFO CommandSettings] Arg 'url': 'https://github.com/Madhav-Gohel/mern-app'
[2024-10-07 15:24:35Z INFO CommandSettings] Remove url from Arg dictionary.
[2024-10-07 15:24:35Z INFO CommandSettings] Arg 'token': '***'
[2024-10-07 15:24:35Z INFO CommandSettings] Remove token from Arg dictionary.
[2024-10-07 15:24:36Z INFO ConfigurationManager] Http response code: OK from 'POST https://api.github.com/actions/runner-registration' (8178:18FD81:13634D:144023:6703FD33)
[2024-10-07 15:24:36Z INFO ConfigurationManager] Using V2 flow: False
[2024-10-07 15:24:36Z INFO ConfigurationManager] cred retrieved via GitHub auth
[2024-10-07 15:24:36Z INFO RunnerServer] EstablishVssConnection
[2024-10-07 15:24:36Z INFO RunnerServer] Establish connection with 100 seconds timeout.
[2024-10-07 15:24:37Z INFO GitHubActionsService] Starting operation Location.GetConnectionData
[2024-10-07 15:24:37Z INFO RunnerServer] EstablishVssConnection
[2024-10-07 15:24:37Z INFO RunnerServer] Establish connection with 60 seconds timeout.
[2024-10-07 15:24:37Z INFO GitHubActionsService] Starting operation Location.GetConnectionData
[2024-10-07 15:24:37Z INFO RunnerServer] EstablishVssConnection
[2024-10-07 15:24:37Z INFO RunnerServer] Establish connection with 60 seconds timeout.
[2024-10-07 15:24:37Z INFO GitHubActionsService] Starting operation Location.GetConnectionData
[2024-10-07 15:24:38Z INFO GitHubActionsService] Finished operation Location.GetConnectionData
[2024-10-07 15:24:38Z INFO GitHubActionsService] Finished operation Location.GetConnectionData
[2024-10-07 15:24:38Z INFO GitHubActionsService] Finished operation Location.GetConnectionData
[2024-10-07 15:24:38Z INFO Terminal] WRITE LINE: 
[2024-10-07 15:24:38Z INFO ConfigurationManager] Test Connection complete.
[2024-10-07 15:24:38Z INFO HostContext] Well known directory 'Bin': '/home/madhav/mern-app/actions-runner/bin'
[2024-10-07 15:24:38Z INFO HostContext] Well known directory 'Root': '/home/madhav/mern-app/actions-runner'
[2024-10-07 15:24:38Z INFO HostContext] Well known config file 'RSACredentials': '/home/madhav/mern-app/actions-runner/.credentials_rsaparams'
[2024-10-07 15:24:38Z INFO RSAFileKeyManager] Creating new RSA key using 2048-bit key length
[2024-10-07 15:24:38Z INFO RSAFileKeyManager] Successfully saved RSA key parameters to file /home/madhav/mern-app/actions-runner/.credentials_rsaparams
[2024-10-07 15:24:38Z INFO RSAFileKeyManager] Which2: 'chmod'
[2024-10-07 15:24:39Z INFO RSAFileKeyManager] Location: '/usr/bin/chmod'
[2024-10-07 15:24:39Z INFO HostContext] Well known directory 'Bin': '/home/madhav/mern-app/actions-runner/bin'
[2024-10-07 15:24:39Z INFO HostContext] Well known directory 'Root': '/home/madhav/mern-app/actions-runner'
[2024-10-07 15:24:39Z INFO ProcessInvokerWrapper] Starting process:
[2024-10-07 15:24:39Z INFO ProcessInvokerWrapper]   File name: '/usr/bin/chmod'
[2024-10-07 15:24:39Z INFO ProcessInvokerWrapper]   Arguments: '600 /home/madhav/mern-app/actions-runner/.credentials_rsaparams'
[2024-10-07 15:24:39Z INFO ProcessInvokerWrapper]   Working directory: '/home/madhav/mern-app/actions-runner'
[2024-10-07 15:24:39Z INFO ProcessInvokerWrapper]   Require exit code zero: 'False'
[2024-10-07 15:24:39Z INFO ProcessInvokerWrapper]   Encoding web name:  ; code page: ''
[2024-10-07 15:24:39Z INFO ProcessInvokerWrapper]   Force kill process on cancellation: 'False'
[2024-10-07 15:24:39Z INFO ProcessInvokerWrapper]   Redirected STDIN: 'False'
[2024-10-07 15:24:39Z INFO ProcessInvokerWrapper]   Persist current code page: 'False'
[2024-10-07 15:24:39Z INFO ProcessInvokerWrapper]   Keep redirected STDIN open: 'False'
[2024-10-07 15:24:39Z INFO ProcessInvokerWrapper]   High priority process: 'False'
[2024-10-07 15:24:39Z INFO ProcessInvokerWrapper] Process started with process id 39419, waiting for process exit.
[2024-10-07 15:24:39Z INFO ProcessInvokerWrapper] STDOUT/STDERR stream read finished.
[2024-10-07 15:24:39Z INFO ProcessInvokerWrapper] STDOUT/STDERR stream read finished.
[2024-10-07 15:24:39Z INFO ProcessInvokerWrapper] Finished process 39419 with exit code 0, and elapsed time 00:00:00.0110152.
[2024-10-07 15:24:39Z INFO RSAFileKeyManager] Successfully set permissions for RSA key parameters file /home/madhav/mern-app/actions-runner/.credentials_rsaparams
[2024-10-07 15:24:39Z INFO CommandSettings] Arg 'runnergroup': ''
[2024-10-07 15:24:39Z INFO CommandSettings] Flag 'unattended': 'False'
[2024-10-07 15:24:39Z INFO PromptManager] ReadValue
[2024-10-07 15:24:39Z INFO Terminal] WRITE: Enter the name of the runner group to add this runner to: 
[2024-10-07 15:24:39Z INFO Terminal] WRITE: [press Enter for Default] 
[2024-10-07 15:24:39Z INFO Terminal] READ LINE
[2024-10-07 15:24:46Z INFO Terminal] Read value: ''
[2024-10-07 15:24:46Z INFO PromptManager] Falling back to the default: 'Default'
[2024-10-07 15:24:46Z INFO Terminal] WRITE LINE: 
[2024-10-07 15:24:46Z INFO ConfigurationManager] Found a self-hosted runner group with id 1 and name Default
[2024-10-07 15:24:46Z INFO CommandSettings] Flag 'disableupdate': 'False'
[2024-10-07 15:24:46Z INFO CommandSettings] Flag 'ephemeral': 'False'
[2024-10-07 15:24:46Z INFO CommandSettings] Arg 'name': ''
[2024-10-07 15:24:46Z INFO CommandSettings] Flag 'unattended': 'False'
[2024-10-07 15:24:46Z INFO PromptManager] ReadValue
[2024-10-07 15:24:46Z INFO Terminal] WRITE: Enter the name of runner: 
[2024-10-07 15:24:46Z INFO Terminal] WRITE: [press Enter for latitude-3440] 
[2024-10-07 15:24:46Z INFO Terminal] READ LINE
[2024-10-07 15:24:52Z INFO Terminal] Read value: ''
[2024-10-07 15:24:52Z INFO PromptManager] Falling back to the default: 'latitude-3440'
[2024-10-07 15:24:52Z INFO Terminal] WRITE LINE: 
[2024-10-07 15:24:52Z INFO CommandSettings] Arg 'labels': ''
[2024-10-07 15:24:52Z INFO CommandSettings] Flag 'unattended': 'False'
[2024-10-07 15:24:52Z INFO PromptManager] ReadValue
[2024-10-07 15:24:52Z INFO Terminal] WRITE: This runner will have the following labels: 'self-hosted', 'Linux', 'X64' 
Enter any additional labels (ex. label-1,label-2): 
[2024-10-07 15:24:52Z INFO Terminal] WRITE: [press Enter to skip] 
[2024-10-07 15:24:52Z INFO Terminal] READ LINE
[2024-10-07 15:24:55Z INFO Terminal] Read value: ''
[2024-10-07 15:24:55Z INFO Terminal] WRITE LINE: 
[2024-10-07 15:24:56Z INFO CommandSettings] Flag 'disableupdate': 'False'
[2024-10-07 15:24:56Z INFO CommandSettings] Flag 'no-default-labels': 'False'
[2024-10-07 15:24:56Z INFO CommandSettings] Flag 'disableupdate': 'False'
[2024-10-07 15:24:56Z INFO CommandSettings] Flag 'ephemeral': 'False'
[2024-10-07 15:24:56Z INFO ConfigurationStore] Saving OAuth credential @ /home/madhav/mern-app/actions-runner/.credentials
[2024-10-07 15:24:56Z INFO ConfigurationStore] Credentials Saved.
[2024-10-07 15:24:56Z INFO ConfigurationStore] HasCredentials()
[2024-10-07 15:24:56Z INFO ConfigurationStore] stored True
[2024-10-07 15:24:56Z INFO CredentialManager] GetCredentialProvider
[2024-10-07 15:24:56Z INFO CredentialManager] Creating type OAuth
[2024-10-07 15:24:56Z INFO CredentialManager] Creating credential type: OAuth
[2024-10-07 15:24:56Z INFO RSAFileKeyManager] Loading RSA key parameters from file /home/madhav/mern-app/actions-runner/.credentials_rsaparams
[2024-10-07 15:24:56Z INFO RunnerServer] EstablishVssConnection
[2024-10-07 15:24:56Z INFO RunnerServer] Establish connection with 100 seconds timeout.
[2024-10-07 15:24:56Z INFO GitHubActionsService] Starting operation Location.GetConnectionData
[2024-10-07 15:24:56Z INFO RunnerServer] EstablishVssConnection
[2024-10-07 15:24:56Z INFO RunnerServer] Establish connection with 60 seconds timeout.
[2024-10-07 15:24:56Z INFO GitHubActionsService] Starting operation Location.GetConnectionData
[2024-10-07 15:24:56Z INFO RunnerServer] EstablishVssConnection
[2024-10-07 15:24:56Z INFO RunnerServer] Establish connection with 60 seconds timeout.
[2024-10-07 15:24:56Z INFO GitHubActionsService] Starting operation Location.GetConnectionData
[2024-10-07 15:24:57Z INFO GitHubActionsService] Finished operation Location.GetConnectionData
[2024-10-07 15:24:57Z INFO GitHubActionsService] Finished operation Location.GetConnectionData
[2024-10-07 15:24:57Z INFO GitHubActionsService] Finished operation Location.GetConnectionData
[2024-10-07 15:24:57Z INFO RSAFileKeyManager] Loading RSA key parameters from file /home/madhav/mern-app/actions-runner/.credentials_rsaparams
[2024-10-07 15:24:57Z INFO RSAFileKeyManager] Loading RSA key parameters from file /home/madhav/mern-app/actions-runner/.credentials_rsaparams
[2024-10-07 15:24:58Z INFO GitHubActionsService] AAD Correlation ID for this token request: Unknown
[2024-10-07 15:24:58Z INFO CommandSettings] Arg 'work': ''
[2024-10-07 15:24:58Z INFO CommandSettings] Flag 'unattended': 'False'
[2024-10-07 15:24:58Z INFO PromptManager] ReadValue
[2024-10-07 15:24:58Z INFO Terminal] WRITE: Enter name of work folder: 
[2024-10-07 15:24:58Z INFO Terminal] WRITE: [press Enter for _work] 
[2024-10-07 15:24:58Z INFO Terminal] READ LINE
[2024-10-07 15:25:07Z INFO Terminal] Read value: ''
[2024-10-07 15:25:07Z INFO PromptManager] Falling back to the default: '_work'
[2024-10-07 15:25:07Z INFO ConfigurationStore] Saving runner settings.
[2024-10-07 15:25:07Z INFO ConfigurationStore] Settings Saved.
[2024-10-07 15:25:07Z INFO Terminal] WRITE LINE: 
[2024-10-07 15:25:07Z INFO Terminal] WRITE LINE: 
[2024-10-07 15:25:07Z INFO SystemDControlManager] Service name 'actions.runner.Madhav-Gohel-mern-app.latitude-3440.service' display name 'GitHub Actions Runner (Madhav-Gohel-mern-app.latitude-3440)' will be used for service configuration.
[2024-10-07 15:25:07Z INFO HostContext] Well known directory 'Bin': '/home/madhav/mern-app/actions-runner/bin'
[2024-10-07 15:25:07Z INFO HostContext] Well known directory 'Root': '/home/madhav/mern-app/actions-runner'
[2024-10-07 15:25:07Z INFO HostContext] Well known directory 'Bin': '/home/madhav/mern-app/actions-runner/bin'
[2024-10-07 15:25:07Z INFO HostContext] Well known directory 'Bin': '/home/madhav/mern-app/actions-runner/bin'
[2024-10-07 15:25:07Z INFO HostContext] Well known directory 'Root': '/home/madhav/mern-app/actions-runner'
[2024-10-07 15:25:07Z INFO UnixUtil] Which2: 'chmod'
[2024-10-07 15:25:07Z INFO UnixUtil] Location: '/usr/bin/chmod'
[2024-10-07 15:25:07Z INFO UnixUtil] Running /usr/bin/chmod 755 "/home/madhav/mern-app/actions-runner/svc.sh"
[2024-10-07 15:25:07Z INFO ProcessInvokerWrapper] Starting process:
[2024-10-07 15:25:07Z INFO ProcessInvokerWrapper]   File name: '/usr/bin/chmod'
[2024-10-07 15:25:07Z INFO ProcessInvokerWrapper]   Arguments: '755 "/home/madhav/mern-app/actions-runner/svc.sh"'
[2024-10-07 15:25:07Z INFO ProcessInvokerWrapper]   Working directory: '/home/madhav/mern-app/actions-runner'
[2024-10-07 15:25:07Z INFO ProcessInvokerWrapper]   Require exit code zero: 'True'
[2024-10-07 15:25:07Z INFO ProcessInvokerWrapper]   Encoding web name:  ; code page: ''
[2024-10-07 15:25:07Z INFO ProcessInvokerWrapper]   Force kill process on cancellation: 'False'
[2024-10-07 15:25:07Z INFO ProcessInvokerWrapper]   Redirected STDIN: 'False'
[2024-10-07 15:25:07Z INFO ProcessInvokerWrapper]   Persist current code page: 'False'
[2024-10-07 15:25:07Z INFO ProcessInvokerWrapper]   Keep redirected STDIN open: 'False'
[2024-10-07 15:25:07Z INFO ProcessInvokerWrapper]   High priority process: 'False'
[2024-10-07 15:25:07Z INFO ProcessInvokerWrapper] Updated oom_score_adj to 500 for PID: 39611.
[2024-10-07 15:25:07Z INFO ProcessInvokerWrapper] Process started with process id 39611, waiting for process exit.
[2024-10-07 15:25:07Z INFO ProcessInvokerWrapper] STDOUT/STDERR stream read finished.
[2024-10-07 15:25:07Z INFO ProcessInvokerWrapper] STDOUT/STDERR stream read finished.
[2024-10-07 15:25:07Z INFO ProcessInvokerWrapper] Finished process 39611 with exit code 0, and elapsed time 00:00:00.0018377.
[2024-10-07 15:25:07Z INFO Listener] Runner execution has finished with return code 0
