[2024-10-07 15:25:17Z INFO HostContext] No proxy settings were found based on environmental variables (http_proxy/https_proxy/HTTP_PROXY/HTTPS_PROXY)
[2024-10-07 15:25:17Z INFO HostContext] Well known directory 'Bin': '/home/madhav/mern-app/actions-runner/bin'
[2024-10-07 15:25:17Z INFO HostContext] Well known directory 'Root': '/home/madhav/mern-app/actions-runner'
[2024-10-07 15:25:17Z INFO HostContext] Well known config file 'Credentials': '/home/madhav/mern-app/actions-runner/.credentials'
[2024-10-07 15:25:17Z INFO HostContext] Well known directory 'Bin': '/home/madhav/mern-app/actions-runner/bin'
[2024-10-07 15:25:17Z INFO HostContext] Well known directory 'Root': '/home/madhav/mern-app/actions-runner'
[2024-10-07 15:25:17Z INFO HostContext] Well known config file 'Runner': '/home/madhav/mern-app/actions-runner/.runner'
[2024-10-07 15:25:17Z INFO Listener] Runner is built for Linux (X64) - linux-x64.
[2024-10-07 15:25:17Z INFO Listener] RuntimeInformation: Linux 6.8.0-45-generic #45~22.04.1-Ubuntu SMP PREEMPT_DYNAMIC Wed Sep 11 15:25:05 UTC 2.
[2024-10-07 15:25:17Z INFO Listener] Version: 2.319.1
[2024-10-07 15:25:17Z INFO Listener] Commit: bc6614c04d3ddc20e5ca5d5a87ae2b58dda322ec
[2024-10-07 15:25:17Z INFO Listener] Culture: en-IN
[2024-10-07 15:25:17Z INFO Listener] UI Culture: en-IN
[2024-10-07 15:25:17Z INFO HostContext] Well known directory 'Bin': '/home/madhav/mern-app/actions-runner/bin'
[2024-10-07 15:25:17Z INFO HostContext] Well known directory 'Root': '/home/madhav/mern-app/actions-runner'
[2024-10-07 15:25:17Z INFO Listener] Validating directory permissions for: '/home/madhav/mern-app/actions-runner'
[2024-10-07 15:25:17Z INFO CommandLineParser] Parse
[2024-10-07 15:25:17Z INFO CommandLineParser] Parsing 1 args
[2024-10-07 15:25:17Z INFO CommandLineParser] parsing argument
[2024-10-07 15:25:17Z INFO CommandLineParser] HasArgs: False
[2024-10-07 15:25:17Z INFO CommandLineParser] Adding Command: run
[2024-10-07 15:25:17Z INFO Listener] Arguments parsed
[2024-10-07 15:25:17Z INFO Runner] ExecuteCommand
[2024-10-07 15:25:17Z INFO ConfigurationStore] currentAssemblyLocation: /home/madhav/mern-app/actions-runner/bin/Runner.Listener.dll
[2024-10-07 15:25:17Z INFO HostContext] Well known directory 'Bin': '/home/madhav/mern-app/actions-runner/bin'
[2024-10-07 15:25:17Z INFO ConfigurationStore] binPath: /home/madhav/mern-app/actions-runner/bin
[2024-10-07 15:25:17Z INFO HostContext] Well known directory 'Bin': '/home/madhav/mern-app/actions-runner/bin'
[2024-10-07 15:25:17Z INFO HostContext] Well known directory 'Root': '/home/madhav/mern-app/actions-runner'
[2024-10-07 15:25:17Z INFO ConfigurationStore] RootFolder: /home/madhav/mern-app/actions-runner
[2024-10-07 15:25:17Z INFO HostContext] Well known directory 'Bin': '/home/madhav/mern-app/actions-runner/bin'
[2024-10-07 15:25:17Z INFO HostContext] Well known directory 'Root': '/home/madhav/mern-app/actions-runner'
[2024-10-07 15:25:17Z INFO HostContext] Well known config file 'Runner': '/home/madhav/mern-app/actions-runner/.runner'
[2024-10-07 15:25:17Z INFO ConfigurationStore] ConfigFilePath: /home/madhav/mern-app/actions-runner/.runner
[2024-10-07 15:25:17Z INFO HostContext] Well known directory 'Bin': '/home/madhav/mern-app/actions-runner/bin'
[2024-10-07 15:25:17Z INFO HostContext] Well known directory 'Root': '/home/madhav/mern-app/actions-runner'
[2024-10-07 15:25:17Z INFO HostContext] Well known config file 'Credentials': '/home/madhav/mern-app/actions-runner/.credentials'
[2024-10-07 15:25:17Z INFO ConfigurationStore] CredFilePath: /home/madhav/mern-app/actions-runner/.credentials
[2024-10-07 15:25:17Z INFO HostContext] Well known directory 'Bin': '/home/madhav/mern-app/actions-runner/bin'
[2024-10-07 15:25:17Z INFO HostContext] Well known directory 'Root': '/home/madhav/mern-app/actions-runner'
[2024-10-07 15:25:17Z INFO HostContext] Well known config file 'MigratedCredentials': '/home/madhav/mern-app/actions-runner/.credentials_migrated'
[2024-10-07 15:25:17Z INFO ConfigurationStore] MigratedCredFilePath: /home/madhav/mern-app/actions-runner/.credentials_migrated
[2024-10-07 15:25:17Z INFO HostContext] Well known directory 'Bin': '/home/madhav/mern-app/actions-runner/bin'
[2024-10-07 15:25:17Z INFO HostContext] Well known directory 'Root': '/home/madhav/mern-app/actions-runner'
[2024-10-07 15:25:17Z INFO HostContext] Well known config file 'Service': '/home/madhav/mern-app/actions-runner/.service'
[2024-10-07 15:25:17Z INFO ConfigurationStore] ServiceConfigFilePath: /home/madhav/mern-app/actions-runner/.service
[2024-10-07 15:25:17Z INFO CommandSettings] Flag 'help': 'False'
[2024-10-07 15:25:17Z INFO CommandSettings] Flag 'version': 'False'
[2024-10-07 15:25:17Z INFO CommandSettings] Flag 'commit': 'False'
[2024-10-07 15:25:17Z INFO CommandSettings] Flag 'check': 'False'
[2024-10-07 15:25:17Z INFO CommandSettings] Command 'configure': 'False'
[2024-10-07 15:25:17Z INFO CommandSettings] Command 'remove': 'False'
[2024-10-07 15:25:17Z INFO CommandSettings] Command 'warmup': 'False'
[2024-10-07 15:25:17Z INFO ConfigurationManager] LoadSettings
[2024-10-07 15:25:17Z INFO ConfigurationStore] IsConfigured()
[2024-10-07 15:25:17Z INFO ConfigurationStore] IsConfigured: True
[2024-10-07 15:25:17Z INFO ConfigurationManager] Is configured: True
[2024-10-07 15:25:17Z INFO ConfigurationStore] Read setting file: 300 chars
[2024-10-07 15:25:17Z INFO ConfigurationManager] Settings Loaded
[2024-10-07 15:25:17Z INFO ConfigurationStore] IsServiceConfigured()
[2024-10-07 15:25:17Z INFO ConfigurationStore] IsServiceConfigured: False
[2024-10-07 15:25:17Z INFO CommandSettings] Command 'run': 'True'
[2024-10-07 15:25:17Z INFO ConfigurationStore] IsConfigured()
[2024-10-07 15:25:17Z INFO ConfigurationStore] IsConfigured: True
[2024-10-07 15:25:17Z INFO ConfigurationManager] Is configured: True
[2024-10-07 15:25:17Z INFO Runner] Could not parse the argument value '' for StartupType. Defaulting to Manual
[2024-10-07 15:25:17Z INFO Runner] Set runner startup type - Manual
[2024-10-07 15:25:17Z INFO CommandSettings] Flag 'once': 'False'
[2024-10-07 15:25:17Z INFO CommandSettings] Flag 'once': 'False'
[2024-10-07 15:25:17Z INFO Runner] RunAsync
[2024-10-07 15:25:17Z INFO ConfigurationManager] LoadSettings
[2024-10-07 15:25:17Z INFO ConfigurationStore] IsConfigured()
[2024-10-07 15:25:17Z INFO ConfigurationStore] IsConfigured: True
[2024-10-07 15:25:17Z INFO ConfigurationManager] Is configured: True
[2024-10-07 15:25:17Z INFO ConfigurationManager] Settings Loaded
[2024-10-07 15:25:17Z INFO MessageListener] {
  "AgentId": 2,
  "AgentName": "latitude-3440",
  "PoolId": 1,
  "PoolName": "Default",
  "ServerUrl": "https://pipelinesghubeus9.actions.githubusercontent.com/00Ih8Gbeb8uyJ5XtICjTFDEpVDNfRJtxDs2nhlwX70KUA0x32j/",
  "GitHubUrl": "https://github.com/Madhav-Gohel/mern-app",
  "WorkFolder": "_work"
}
[2024-10-07 15:25:17Z INFO MessageListener] Loading Credentials
[2024-10-07 15:25:17Z INFO ConfigurationStore] HasCredentials()
[2024-10-07 15:25:17Z INFO ConfigurationStore] stored True
[2024-10-07 15:25:17Z INFO CredentialManager] GetCredentialProvider
[2024-10-07 15:25:17Z INFO CredentialManager] Creating type OAuth
[2024-10-07 15:25:17Z INFO CredentialManager] Creating credential type: OAuth
[2024-10-07 15:25:17Z INFO HostContext] Well known directory 'Bin': '/home/madhav/mern-app/actions-runner/bin'
[2024-10-07 15:25:17Z INFO HostContext] Well known directory 'Root': '/home/madhav/mern-app/actions-runner'
[2024-10-07 15:25:17Z INFO HostContext] Well known config file 'RSACredentials': '/home/madhav/mern-app/actions-runner/.credentials_rsaparams'
[2024-10-07 15:25:17Z INFO RSAFileKeyManager] Loading RSA key parameters from file /home/madhav/mern-app/actions-runner/.credentials_rsaparams
[2024-10-07 15:25:18Z INFO MessageListener] Attempt to create session.
[2024-10-07 15:25:18Z INFO MessageListener] Connecting to the Runner Server...
[2024-10-07 15:25:18Z INFO RunnerServer] EstablishVssConnection
[2024-10-07 15:25:18Z INFO RunnerServer] Establish connection with 100 seconds timeout.
[2024-10-07 15:25:18Z INFO GitHubActionsService] Starting operation Location.GetConnectionData
[2024-10-07 15:25:18Z INFO RunnerServer] EstablishVssConnection
[2024-10-07 15:25:18Z INFO RunnerServer] Establish connection with 60 seconds timeout.
[2024-10-07 15:25:18Z INFO GitHubActionsService] Starting operation Location.GetConnectionData
[2024-10-07 15:25:18Z INFO RunnerServer] EstablishVssConnection
[2024-10-07 15:25:18Z INFO RunnerServer] Establish connection with 60 seconds timeout.
[2024-10-07 15:25:18Z INFO GitHubActionsService] Starting operation Location.GetConnectionData
[2024-10-07 15:25:19Z INFO GitHubActionsService] Finished operation Location.GetConnectionData
[2024-10-07 15:25:19Z INFO GitHubActionsService] Finished operation Location.GetConnectionData
[2024-10-07 15:25:19Z INFO GitHubActionsService] Finished operation Location.GetConnectionData
[2024-10-07 15:25:19Z INFO MessageListener] VssConnection created
[2024-10-07 15:25:19Z INFO Terminal] WRITE LINE: 
[2024-10-07 15:25:19Z INFO Terminal] WRITE LINE: 
[2024-10-07 15:25:20Z INFO RSAFileKeyManager] Loading RSA key parameters from file /home/madhav/mern-app/actions-runner/.credentials_rsaparams
[2024-10-07 15:25:20Z INFO RSAFileKeyManager] Loading RSA key parameters from file /home/madhav/mern-app/actions-runner/.credentials_rsaparams
[2024-10-07 15:25:21Z INFO GitHubActionsService] AAD Correlation ID for this token request: Unknown
[2024-10-07 15:25:21Z INFO MessageListener] Session created.
[2024-10-07 15:25:21Z INFO Terminal] WRITE LINE: Current runner version: '2.319.1'
[2024-10-07 15:25:21Z INFO Terminal] WRITE LINE: 2024-10-07 15:25:21Z: Listening for Jobs
[2024-10-07 15:25:21Z INFO JobDispatcher] Set runner/worker IPC timeout to 30 seconds.
[2024-10-07 15:25:21Z INFO MessageListener] BrokerMigration message received. Polling Broker for messages...
[2024-10-07 15:25:21Z INFO RSAFileKeyManager] Loading RSA key parameters from file /home/madhav/mern-app/actions-runner/.credentials_rsaparams
[2024-10-07 15:25:22Z INFO GitHubActionsService] AAD Correlation ID for this token request: Unknown
[2024-10-07 15:26:13Z INFO MessageListener] BrokerMigration message received. Polling Broker for messages...
[2024-10-07 15:27:04Z INFO MessageListener] BrokerMigration message received. Polling Broker for messages...
[2024-10-07 15:27:54Z INFO MessageListener] BrokerMigration message received. Polling Broker for messages...
[2024-10-07 15:28:45Z INFO MessageListener] BrokerMigration message received. Polling Broker for messages...
[2024-10-07 15:29:35Z INFO MessageListener] BrokerMigration message received. Polling Broker for messages...
[2024-10-07 15:30:25Z INFO MessageListener] BrokerMigration message received. Polling Broker for messages...
[2024-10-07 15:31:16Z INFO MessageListener] BrokerMigration message received. Polling Broker for messages...
[2024-10-07 15:32:06Z INFO MessageListener] BrokerMigration message received. Polling Broker for messages...
[2024-10-07 15:32:57Z INFO MessageListener] BrokerMigration message received. Polling Broker for messages...
[2024-10-07 15:33:47Z INFO MessageListener] BrokerMigration message received. Polling Broker for messages...
[2024-10-07 15:34:38Z INFO MessageListener] BrokerMigration message received. Polling Broker for messages...
[2024-10-07 15:35:28Z INFO MessageListener] BrokerMigration message received. Polling Broker for messages...
[2024-10-07 15:36:19Z INFO MessageListener] BrokerMigration message received. Polling Broker for messages...
[2024-10-07 15:37:09Z INFO MessageListener] BrokerMigration message received. Polling Broker for messages...
[2024-10-07 15:38:00Z INFO MessageListener] BrokerMigration message received. Polling Broker for messages...
[2024-10-07 15:38:50Z INFO MessageListener] BrokerMigration message received. Polling Broker for messages...
[2024-10-07 15:39:41Z INFO MessageListener] BrokerMigration message received. Polling Broker for messages...
[2024-10-07 15:40:31Z INFO MessageListener] BrokerMigration message received. Polling Broker for messages...
[2024-10-07 15:41:22Z INFO MessageListener] BrokerMigration message received. Polling Broker for messages...
[2024-10-07 15:42:13Z INFO MessageListener] BrokerMigration message received. Polling Broker for messages...
[2024-10-07 15:43:03Z INFO MessageListener] BrokerMigration message received. Polling Broker for messages...
[2024-10-07 15:43:54Z INFO MessageListener] BrokerMigration message received. Polling Broker for messages...
[2024-10-07 15:44:44Z INFO MessageListener] BrokerMigration message received. Polling Broker for messages...
[2024-10-07 15:45:35Z INFO MessageListener] BrokerMigration message received. Polling Broker for messages...
[2024-10-07 15:46:25Z INFO MessageListener] BrokerMigration message received. Polling Broker for messages...
[2024-10-07 15:47:16Z INFO MessageListener] BrokerMigration message received. Polling Broker for messages...
[2024-10-07 15:48:06Z INFO MessageListener] BrokerMigration message received. Polling Broker for messages...
[2024-10-07 15:48:57Z INFO MessageListener] BrokerMigration message received. Polling Broker for messages...
[2024-10-07 15:49:47Z INFO MessageListener] BrokerMigration message received. Polling Broker for messages...
[2024-10-07 15:50:38Z INFO MessageListener] BrokerMigration message received. Polling Broker for messages...
[2024-10-07 15:51:28Z INFO MessageListener] BrokerMigration message received. Polling Broker for messages...
[2024-10-07 15:52:18Z INFO MessageListener] BrokerMigration message received. Polling Broker for messages...
[2024-10-07 15:53:09Z INFO MessageListener] BrokerMigration message received. Polling Broker for messages...
[2024-10-07 15:53:59Z INFO MessageListener] BrokerMigration message received. Polling Broker for messages...
[2024-10-07 15:54:50Z INFO MessageListener] BrokerMigration message received. Polling Broker for messages...
[2024-10-07 15:55:40Z INFO MessageListener] No message retrieved from session '465d3699-58ea-479e-95e6-53312757577b' within last 30 minutes.
[2024-10-07 15:55:40Z INFO MessageListener] BrokerMigration message received. Polling Broker for messages...
[2024-10-07 15:56:32Z INFO MessageListener] BrokerMigration message received. Polling Broker for messages...
[2024-10-07 15:57:23Z INFO MessageListener] BrokerMigration message received. Polling Broker for messages...
[2024-10-07 15:58:13Z INFO MessageListener] BrokerMigration message received. Polling Broker for messages...
[2024-10-07 15:59:04Z INFO MessageListener] BrokerMigration message received. Polling Broker for messages...
